<?xml version="1.0" encoding="UTF-8"?>
<!-- Generated by org.testng.reporters.JUnitReportReporter -->
<testsuite hostname="TYSS-Adarsh" failures="0" tests="1" name="com.parameters.QueryParameterTest" time="6.291" errors="0" timestamp="2022-02-11T11:37:42 IST" skipped="0">
  <testcase classname="com.parameters.QueryParameterTest" name="param" time="6.291"/>
  <system-out/>
</testsuite> <!-- com.parameters.QueryParameterTest -->
