<?xml version="1.0" encoding="UTF-8"?>
<!-- Generated by org.testng.reporters.JUnitReportReporter -->
<testsuite hostname="TYSS-Adarsh" failures="0" tests="1" name="com.parameters.PathParameterTest" time="1.210" errors="0" timestamp="2022-02-11T11:30:21 IST" skipped="0">
  <testcase classname="com.parameters.PathParameterTest" name="param" time="1.210"/>
  <system-out/>
</testsuite> <!-- com.parameters.PathParameterTest -->
