<?xml version="1.0" encoding="UTF-8"?>
<!-- Generated by org.testng.reporters.JUnitReportReporter -->
<testsuite hostname="TYSS-Adarsh" failures="0" tests="2" name="ResponseVerification.SameRequestMultipleTimeTest" time="1.550" errors="0" timestamp="2022-02-10T15:42:33 IST" skipped="0">
  <testcase classname="ResponseVerification.SameRequestMultipleTimeTest" name="create" time="0.029"/>
  <system-out/>
  <testcase classname="ResponseVerification.SameRequestMultipleTimeTest" name="create" time="1.521"/>
  <system-out/>
</testsuite> <!-- ResponseVerification.SameRequestMultipleTimeTest -->
