<?xml version="1.0" encoding="UTF-8"?>
<!-- Generated by org.testng.reporters.JUnitReportReporter -->
<testsuite hostname="TYSS-Adarsh" failures="0" tests="1" name="practiceCRUDWithBDD.DeleteResourceTest" time="1.074" errors="0" timestamp="2022-02-10T12:02:40 IST" skipped="0">
  <testcase classname="practiceCRUDWithBDD.DeleteResourceTest" name="delete" time="1.074"/>
  <system-out/>
</testsuite> <!-- practiceCRUDWithBDD.DeleteResourceTest -->
