<?xml version="1.0" encoding="UTF-8"?>
<!-- Generated by org.testng.reporters.JUnitReportReporter -->
<testsuite hostname="TYSS-Chaithra" failures="0" tests="1" name="practiceCRUDWithoutBDD.GetSingleProject" time="1.158" errors="0" timestamp="2022-02-09T17:44:54 IST" skipped="0">
  <testcase classname="practiceCRUDWithoutBDD.GetSingleProject" name="getSingleProject" time="1.158"/>
  <system-out/>
</testsuite> <!-- practiceCRUDWithoutBDD.GetSingleProject -->
