<?xml version="1.0" encoding="UTF-8"?>
<!-- Generated by org.testng.reporters.JUnitReportReporter -->
<testsuite hostname="TYSS-Adarsh" failures="0" tests="1" name="DifferenetWaysToPostRequest.CreateAResourceUsingPojo" time="1.310" errors="0" timestamp="2022-02-10T13:07:29 IST" skipped="0">
  <testcase classname="DifferenetWaysToPostRequest.CreateAResourceUsingPojo" name="create" time="1.310"/>
  <system-out/>
</testsuite> <!-- DifferenetWaysToPostRequest.CreateAResourceUsingPojo -->
