<?xml version="1.0" encoding="UTF-8"?>
<!-- Generated by org.testng.reporters.JUnitReportReporter -->
<testsuite hostname="TYSS-Adarsh" failures="0" tests="1" name="com.requestChaining.RequestChainingTest" time="1.672" errors="0" timestamp="2022-02-11T12:08:11 IST" skipped="0">
  <testcase classname="com.requestChaining.RequestChainingTest" name="chaning" time="1.672"/>
  <system-out/>
</testsuite> <!-- com.requestChaining.RequestChainingTest -->
