<?xml version="1.0" encoding="UTF-8"?>
<!-- Generated by org.testng.reporters.JUnitReportReporter -->
<testsuite hostname="TYSS-Chaithra" failures="0" tests="1" name="com.RMGYantraTests.CreateResourceAndVerifyInDatabase" time="1.959" errors="0" timestamp="2022-02-12T12:38:44 IST" skipped="0">
  <testcase classname="com.RMGYantraTests.CreateResourceAndVerifyInDatabase" name="createResourceAndVerifyInDb" time="1.959"/>
  <system-out>
    <![CDATA[TY_PROJ_2005
data verification successful]]>
  </system-out>
</testsuite> <!-- com.RMGYantraTests.CreateResourceAndVerifyInDatabase -->
