<?xml version="1.0" encoding="UTF-8"?>
<!-- Generated by org.testng.reporters.JUnitReportReporter -->
<testsuite hostname="TYSS-Adarsh" failures="0" tests="1" name="practiceCRUDWithBDD.GetALLResourcesTest" time="1.317" errors="0" timestamp="2022-02-11T12:04:20 IST" skipped="0">
  <testcase classname="practiceCRUDWithBDD.GetALLResourcesTest" name="getResource" time="1.317"/>
  <system-out/>
</testsuite> <!-- practiceCRUDWithBDD.GetALLResourcesTest -->
