<?xml version="1.0" encoding="UTF-8"?>
<!-- Generated by org.testng.reporters.JUnitReportReporter -->
<testsuite hostname="TYSS-Adarsh" failures="0" tests="1" name="com.parameters.ParamertersTest" time="3.380" errors="0" timestamp="2022-02-11T11:44:57 IST" skipped="0">
  <testcase classname="com.parameters.ParamertersTest" name="params" time="3.380"/>
  <system-out/>
</testsuite> <!-- com.parameters.ParamertersTest -->
