<?xml version="1.0" encoding="UTF-8"?>
<!-- Generated by org.testng.reporters.JUnitReportReporter -->
<testsuite hostname="TYSS-Adarsh" failures="0" tests="1" name="practiceCRUDWithBDD.GetALLResources" time="1.141" errors="0" timestamp="2022-02-10T11:40:07 IST" skipped="0">
  <testcase classname="practiceCRUDWithBDD.GetALLResources" name="getResource" time="1.141"/>
  <system-out/>
</testsuite> <!-- practiceCRUDWithBDD.GetALLResources -->
