<?xml version="1.0" encoding="UTF-8"?>
<!-- Generated by org.testng.reporters.JUnitReportReporter -->
<testsuite hostname="TYSS-Adarsh" failures="0" tests="2" name="com.authentication.Authentications" time="1.398" errors="0" timestamp="2022-02-11T15:20:36 IST" skipped="0">
  <testcase classname="com.authentication.Authentications" name="preemptiveAuth" time="0.150"/>
  <system-out/>
  <testcase classname="com.authentication.Authentications" name="digestiveAuth" time="1.248"/>
  <system-out/>
</testsuite> <!-- com.authentication.Authentications -->
