<?xml version="1.0" encoding="UTF-8"?>
<!-- Generated by org.testng.reporters.JUnitReportReporter -->
<testsuite hostname="TYSS-Chaithra" failures="0" tests="1" name="practiceCRUDWithoutBDD.CreateProject" time="1.521" errors="0" timestamp="2022-02-09T17:34:55 IST" skipped="0">
  <testcase classname="practiceCRUDWithoutBDD.CreateProject" name="createProject" time="1.521"/>
  <system-out/>
</testsuite> <!-- practiceCRUDWithoutBDD.CreateProject -->
