<?xml version="1.0" encoding="UTF-8"?>
<!-- Generated by org.testng.reporters.JUnitReportReporter -->
<testsuite hostname="TYSS-Adarsh" failures="0" tests="1" name="com.authentication.Auth2" time="2.482" errors="0" timestamp="2022-02-11T15:41:10 IST" skipped="0">
  <testcase classname="com.authentication.Auth2" name="auths" time="2.482"/>
  <system-out/>
</testsuite> <!-- com.authentication.Auth2 -->
