<?xml version="1.0" encoding="UTF-8"?>
<!-- Generated by org.testng.reporters.JUnitReportReporter -->
<testsuite hostname="TYSS-Adarsh" failures="0" tests="1" name="com.authentication.BasicAuthTest" time="1.534" errors="0" timestamp="2022-02-11T15:07:50 IST" skipped="0">
  <testcase classname="com.authentication.BasicAuthTest" name="basicAuth" time="1.534"/>
  <system-out/>
</testsuite> <!-- com.authentication.BasicAuthTest -->
