<?xml version="1.0" encoding="UTF-8"?>
<!-- Generated by org.testng.reporters.JUnitReportReporter -->
<testsuite hostname="TYSS-Chaithra" failures="0" tests="1" name="practiceCRUDWithBDD.CreateAResourceTest" time="2.763" errors="0" timestamp="2022-02-12T12:26:30 IST" skipped="0">
  <testcase classname="practiceCRUDWithBDD.CreateAResourceTest" name="create" time="2.763"/>
  <system-out/>
</testsuite> <!-- practiceCRUDWithBDD.CreateAResourceTest -->
