<?xml version="1.0" encoding="UTF-8"?>
<!-- Generated by org.testng.reporters.JUnitReportReporter -->
<testsuite hostname="TYSS-Adarsh" failures="0" tests="1" name="ResponseVerification.StaticResponseValidation" time="1.635" errors="0" timestamp="2022-02-10T15:19:23 IST" skipped="0">
  <testcase classname="ResponseVerification.StaticResponseValidation" name="verify" time="1.635"/>
  <system-out/>
</testsuite> <!-- ResponseVerification.StaticResponseValidation -->
