<?xml version="1.0" encoding="UTF-8"?>
<!-- Generated by org.testng.reporters.JUnitReportReporter -->
<testsuite hostname="TYSS-Adarsh" failures="0" tests="1" name="practiceCRUDWithBDD.CreateAResource" time="1.445" errors="0" timestamp="2022-02-10T11:51:01 IST" skipped="0">
  <testcase classname="practiceCRUDWithBDD.CreateAResource" name="create" time="1.445"/>
  <system-out/>
</testsuite> <!-- practiceCRUDWithBDD.CreateAResource -->
