<?xml version="1.0" encoding="UTF-8"?>
<!-- Generated by org.testng.reporters.JUnitReportReporter -->
<testsuite hostname="TYSS-Adarsh" failures="0" tests="1" name="com.authentication.BearerTokenTest" time="2.532" errors="0" timestamp="2022-02-11T15:13:11 IST" skipped="0">
  <testcase classname="com.authentication.BearerTokenTest" name="bearerAuth" time="2.532"/>
  <system-out/>
</testsuite> <!-- com.authentication.BearerTokenTest -->
