<?xml version="1.0" encoding="UTF-8"?>
<!-- Generated by org.testng.reporters.JUnitReportReporter -->
<testsuite hostname="TYSS-Chaithra" failures="0" tests="1" name="practiceCRUDWithoutBDD.UpdateProject" time="1.426" errors="0" timestamp="2022-02-09T17:55:23 IST" skipped="0">
  <testcase classname="practiceCRUDWithoutBDD.UpdateProject" name="updateProject" time="1.426"/>
  <system-out/>
</testsuite> <!-- practiceCRUDWithoutBDD.UpdateProject -->
