<?xml version="1.0" encoding="UTF-8"?>
<!-- Generated by org.testng.reporters.JUnitReportReporter -->
<testsuite hostname="TYSS-Adarsh" failures="0" tests="1" name="DifferenetWaysToPostRequest.CreateAResourceUSingJSonFile" time="1.096" errors="0" timestamp="2022-02-10T12:54:25 IST" skipped="0">
  <testcase classname="DifferenetWaysToPostRequest.CreateAResourceUSingJSonFile" name="create" time="1.096"/>
  <system-out/>
</testsuite> <!-- DifferenetWaysToPostRequest.CreateAResourceUSingJSonFile -->
