<?xml version="1.0" encoding="UTF-8"?>
<!-- Generated by org.testng.reporters.JUnitReportReporter -->
<testsuite hostname="TYSS-Chaithra" failures="0" tests="1" name="practiceCRUDWithoutBDD.DeleteProject" time="1.143" errors="0" timestamp="2022-02-09T18:00:08 IST" skipped="0">
  <testcase classname="practiceCRUDWithoutBDD.DeleteProject" name="deleteProject" time="1.143"/>
  <system-out/>
</testsuite> <!-- practiceCRUDWithoutBDD.DeleteProject -->
