<?xml version="1.0" encoding="UTF-8"?>
<!-- Generated by org.testng.reporters.JUnitReportReporter -->
<testsuite hostname="TYSS-Adarsh" failures="0" tests="1" name="ResponseVerification.DynamicResponseValidationTest" time="1.604" errors="0" timestamp="2022-02-10T15:27:10 IST" skipped="0">
  <testcase classname="ResponseVerification.DynamicResponseValidationTest" name="verify" time="1.604"/>
  <system-out/>
</testsuite> <!-- ResponseVerification.DynamicResponseValidationTest -->
