<?xml version="1.0" encoding="UTF-8"?>
<!-- Generated by org.testng.reporters.JUnitReportReporter -->
<testsuite hostname="TYSS-Adarsh" failures="0" tests="1" name="practiceCRUDWithBDD.UpdateTest" time="1.277" errors="0" timestamp="2022-02-10T11:59:02 IST" skipped="0">
  <testcase classname="practiceCRUDWithBDD.UpdateTest" name="update" time="1.277"/>
  <system-out/>
</testsuite> <!-- practiceCRUDWithBDD.UpdateTest -->
