<?xml version="1.0" encoding="UTF-8"?>
<!-- Generated by org.testng.reporters.JUnitReportReporter -->
<testsuite hostname="TYSS-Adarsh" failures="0" tests="1" name="DifferenetWaysToPostRequest.CreateAResourceUsingHashMapTest" time="1.344" errors="0" timestamp="2022-02-10T12:46:39 IST" skipped="0">
  <testcase classname="DifferenetWaysToPostRequest.CreateAResourceUsingHashMapTest" name="create" time="1.344"/>
  <system-out/>
</testsuite> <!-- DifferenetWaysToPostRequest.CreateAResourceUsingHashMapTest -->
