<?xml version="1.0" encoding="UTF-8"?>
<!-- Generated by org.testng.reporters.JUnitReportReporter -->
<testsuite hostname="TYSS-Chaithra" failures="0" tests="1" name="practiceCRUDWithoutBDD.GetAllProjects" time="1.165" errors="0" timestamp="2022-02-09T17:41:45 IST" skipped="0">
  <testcase classname="practiceCRUDWithoutBDD.GetAllProjects" name="getAllProjects" time="1.165"/>
  <system-out/>
</testsuite> <!-- practiceCRUDWithoutBDD.GetAllProjects -->
